 Process in group number            1
 A PDF is used, so alpha_s(MZ) is going to be modified
 Old value of alpha_s from param_card:   0.11839999999999999     
  ****************************************
 
       NNPDFDriver version 1.0.3
   Grid: NNPDF23_lo_as_0130_qed_mem0.grid
  ****************************************
 New value of alpha_s from PDF nn23lo1:  0.13000000000000000     
 Define smin to   16000.000000000000     
 *****************************************************
 *               MadGraph/MadEvent                   *
 *        --------------------------------           *
 *          http://madgraph.hep.uiuc.edu             *
 *          http://madgraph.phys.ucl.ac.be           *
 *          http://madgraph.roma2.infn.it            *
 *        --------------------------------           *
 *                                                   *
 *          PARAMETER AND COUPLING VALUES            *
 *                                                   *
 *****************************************************

  External Params
  ---------------------------------
  
 mdl_CWWWL2 =    0.0000000000000000     
 mdl_CWL2 =    0.0000000000000000     
 mdl_CBL2 =    0.0000000000000000     
 mdl_CPWWWL2 =    0.0000000000000000     
 mdl_CPWL2 =    0.0000000000000000     
 mdl_CphidL2 =    0.0000000000000000     
 mdl_CphiWL2 =    0.0000000000000000     
 mdl_CphiBL2 =    0.0000000000000000     
 aEWM1 =    127.90000000000001     
 mdl_Gf =    1.1663700000000000E-005
 aS =   0.11839999999999999     
 mdl_lamWS =    0.0000000000000000     
 mdl_AWS =    0.0000000000000000     
 mdl_rhoWS =    0.0000000000000000     
 mdl_etaWS =    0.0000000000000000     
 mdl_ymc =    1.2700000000000000     
 mdl_ymb =    4.7000000000000002     
 mdl_ymt =    172.00000000000000     
 mdl_ymm =   0.10566000000000000     
 mdl_ymtau =    1.7769999999999999     
 mdl_MZ =    91.187600000000003     
 mdl_MC =    1.2700000000000000     
 mdl_MT =    172.00000000000000     
 mdl_MB =    4.7000000000000002     
 mdl_MH =    125.00000000000000     
 mdl_MM =   0.10566000000000000     
 mdl_MTA =    1.7769999999999999     
 mdl_MP =    125.00000000000000     
 mdl_WZ =    2.4952000000000001     
 mdl_WW =    2.0850000000000000     
 mdl_WT =    1.5083359999999999     
 mdl_WH =    4.0699999999999998E-003
 mdl_WTau =    2.2699999999999998E-012
 mdl_WH1 =    4.0699999999999998E-003
  Internal Params
  ---------------------------------
  
 mdl_lamWS__exp__2 =    0.0000000000000000     
 mdl_CKM1x1 =                (1.0000000000000000,0.0000000000000000)
 mdl_CKM1x2 =                (0.0000000000000000,0.0000000000000000)
 mdl_complexi =                (0.0000000000000000,1.0000000000000000)
 mdl_lamWS__exp__3 =    0.0000000000000000     
 mdl_CKM1x3 =                (0.0000000000000000,0.0000000000000000)
 mdl_CKM2x1 =               (-0.0000000000000000,0.0000000000000000)
 mdl_CKM2x2 =                (1.0000000000000000,0.0000000000000000)
 mdl_CKM2x3 =                (0.0000000000000000,0.0000000000000000)
 mdl_CKM3x1 =                (0.0000000000000000,0.0000000000000000)
 mdl_CKM3x2 =               (-0.0000000000000000,0.0000000000000000)
 mdl_CKM3x3 =                (1.0000000000000000,0.0000000000000000)
 mdl_nb__2__exp__0_25 =    1.1892071150027210     
 mdl_vev =    246.22056907348588     
 mdl_MZ__exp__2 =    8315.1783937600012     
 mdl_MZ__exp__4 =    69142191.720053151     
 mdl_sqrt__2 =    1.4142135623730951     
 mdl_MH__exp__6 =    3814697265625.0000     
 mdl_MT__exp__6 =    25892303048704.000     
 mdl_MH__exp__4 =    244140625.00000000     
 mdl_MT__exp__4 =    875213056.00000000     
 mdl_MH__exp__2 =    15625.000000000000     
 mdl_MT__exp__2 =    29584.000000000000     
 mdl_vev__exp__2 =    60624.568634871226     
 mdl_CphidL2__exp__2 =    0.0000000000000000     
 mdl_vev__exp__4 =    3675338322.1642122     
 mdl_lam =   0.12886689630821146     
 mdl_yb =    2.6995322804122725E-002
 mdl_yc =    7.2944808428161406E-003
 mdl_ym =    6.0687783137949088E-004
 mdl_yt =   0.98791394091683149     
 mdl_ytau =    1.0206529494239591E-002
 mdl_muH =    88.388347648318430     
 mdl_MH__exp__12 =    1.4551915228366852E+025
 mdl_MH__exp__10 =    9.3132257461547853E+020
 mdl_MH__exp__8 =    59604644775390624.     
 mdl_vev__exp__3 =    14927015.789112596     
 mdl_conjg__CKM1x1 =               (1.0000000000000000,-0.0000000000000000)
 mdl_conjg__CKM1x2 =               (0.0000000000000000,-0.0000000000000000)
 mdl_conjg__CKM1x3 =               (0.0000000000000000,-0.0000000000000000)
 mdl_conjg__CKM2x1 =              (-0.0000000000000000,-0.0000000000000000)
 mdl_conjg__CKM2x2 =               (1.0000000000000000,-0.0000000000000000)
 mdl_conjg__CKM2x3 =               (0.0000000000000000,-0.0000000000000000)
 mdl_conjg__CKM3x1 =               (0.0000000000000000,-0.0000000000000000)
 mdl_conjg__CKM3x2 =              (-0.0000000000000000,-0.0000000000000000)
 mdl_conjg__CKM3x3 =               (1.0000000000000000,-0.0000000000000000)
 mdl_aEW =    7.8186082877247844E-003
 mdl_MW =    79.824359746197842     
 mdl_sqrt__aEW =    8.8422894590285753E-002
 mdl_ee =   0.31345100004952897     
 mdl_MW__exp__2 =    6371.9284088904105     
 mdl_sw2 =   0.23369913342182447     
 mdl_ee__exp__2 =    9.8251529432049817E-002
 mdl_MW__exp__12 =    6.6930693681005143E+022
 mdl_MW__exp__10 =    1.0503993357430120E+019
 mdl_MW__exp__8 =    1648479499985351.8     
 mdl_MW__exp__6 =    258709670636.80698     
 mdl_MW__exp__4 =    40601471.648024678     
 mdl_AH =    3.2894475255305007E-005
 mdl_cw =   0.87538612427783857     
 mdl_sqrt__sw2 =   0.48342438232036300     
 mdl_sw =   0.48342438232036300     
 mdl_g1 =   0.35807170271074895     
 mdl_gw =   0.64839716719502682     
 mdl_ee__exp__4 =    9.6533630357369515E-003
 mdl_sw__exp__4 =    5.4615284962111724E-002
 mdl_ee__exp__3 =    3.0797040156871746E-002
 mdl_sw__exp__3 =   0.11297585922324961     
 mdl_cw__exp__2 =   0.76630086657817542     
 mdl_sw__exp__2 =   0.23369913342182450     
 mdl_ee__exp__6 =    9.4845768242397095E-004
 mdl_sw__exp__6 =    1.2763544767231514E-002
 mdl_ee__exp__5 =    3.0258562973929045E-003
 mdl_sw__exp__5 =    2.6402360398059474E-002
 mdl_cw__exp__3 =   0.67080914562461802     
  Internal Params evaluated point by point
  ----------------------------------------
  
 mdl_sqrt__aS =   0.34409301068170506     
 mdl_G__exp__2 =    1.4878582807401259     
 mdl_GH =   -5.2684330007810005E-005
 mdl_Gphi =   -8.0158570881238225E-005
  Couplings of EWdim6-full
  ---------------------------------
  
        GC_11 =   0.00000E+00   0.12198E+01
         GC_3 =  -0.00000E+00  -0.10448E+00
         GC_4 =   0.00000E+00   0.20897E+00
         GC_6 =   0.00000E+00   0.31345E+00
         GC_8 =   0.00000E+00   0.98252E-01
        GC_62 =   0.00000E+00   0.45849E+00
        GC_71 =  -0.00000E+00  -0.28380E+00
        GC_72 =   0.00000E+00   0.28380E+00
        GC_79 =  -0.00000E+00  -0.28850E-01
       GC_145 =   0.00000E+00   0.45849E+00

 Collider parameters:
 --------------------

 Running at P P   machine @    13000.000000000000       GeV
 PDF set = nn23lo1
 alpha_s(Mz)= 0.1300 running at 2 loops.
 alpha_s(Mz)= 0.1300 running at 2 loops.
 Renormalization scale set on event-by-event basis
 Factorization   scale set on event-by-event basis


 getting user params
Enter number of events and max and min iterations: 
 Number of events and iterations         1000           5           3
Enter desired fractional accuracy: 
 Desired fractional accuracy:   0.10000000000000001     
Enter 0 for fixed, 2 for adjustable grid: 
Suppress amplitude (0 no, 1 yes)? 
 Using suppressed amplitude.
Exact helicity sum (0 yes, n = number/event)? 
 Explicitly summing over helicities
Enter Configuration Number: 
Running Configuration Number:   43
 Not subdividing B.W.
 Attempting mappinvarients           1           6
 Completed mapping           6
 about to integrate           10        1000           5           3          10           1
 Using non-zero grid deformation.
 10 dimensions   1000 events 10 invarients  5 iterations  1 config(s),  (0.99)
 Using h-tuple random number sequence.
 Error opening grid
 Using Uniform Grid!          24
 Using uniform alpha   1.0000000000000000     
 Grid defined OK
 Set CM energy to      13000.00
 Mapping Graph          43  to config          43
Setting grid   1    0.59172E-06   1
Setting grid   2    0.23669E-05   1
Setting grid   3    0.59172E-06   1
 Transforming s_hat 1/s            9   9.4674556213017764E-005   16000.000000000000        168999999.99999997     
  43   1   2   3   4   5   6   7   8   9  10
 Masses: 0.000E+00 0.000E+00 0.000E+00 0.000E+00 0.000E+00 0.000E+00
Using random seed offsets    43 :      1
  with seed                   24
 Ranmar initialization seeds       31101        9398
 
 ********************************************
 * You are using the DiscreteSampler module *
 *      part of the MG5_aMC framework       *
 *         Author: Valentin Hirschi         *
 ********************************************
 
  Particle       3       4       5       6
      Et >    20.0    20.0    10.0    10.0
       E >     0.0     0.0     0.0     0.0
     Eta <     5.0     5.0     2.5     2.5
   xqcut:      0.0     0.0     0.0     0.0
d R # 3  >    -0.0     0.4     0.4     0.4
d R # 4  >    -0.0    -0.0     0.4     0.4
d R # 5  >    -0.0    -0.0    -0.0     0.4
s min # 3>     0.0     0.0     0.0     0.0
s min # 4>     0.0     0.0     0.0     0.0
s min # 5>     0.0     0.0     0.0 14400.0
xqcutij # 3>     0.0     0.0     0.0     0.0
xqcutij # 4>     0.0     0.0     0.0     0.0
xqcutij # 5>     0.0     0.0     0.0     0.0
 No cut BW           -2           1
 alpha_s for scale    55.698120844773207       is   0.14168259614082432     
 Added good helicity           13  0.35046456476080984       in event            1 local:           1
 Added good helicity           14   5.0339556529721072       in event            1 local:           1
 Added good helicity           15   1.4230604396404436       in event            1 local:           1
 Added good helicity           16   14.153082149112507       in event            1 local:           1
 Added good helicity           25   1.7597265246494589       in event            1 local:           1
 Added good helicity           26   2.4456656100966673E-002  in event            1 local:           1
 Added good helicity           27   1.3209248869977614       in event            1 local:           1
 Added good helicity           28   1.1363624049216646E-002  in event            1 local:           1
 Added good helicity           37   1.1364038188311196E-002  in event            1 local:           1
 Added good helicity           38   1.3209779860555269       in event            1 local:           1
 Added good helicity           39   2.4457618235643207E-002  in event            1 local:           1
 Added good helicity           40   1.7597909885476044       in event            1 local:           1
 Added good helicity           49   24.815035030043575       in event            1 local:           1
 Added good helicity           50   2.4970458287149202       in event            1 local:           1
 Added good helicity           51   8.8852616660162766       in event            1 local:           1
 Added good helicity           52  0.60903234591487476       in event            1 local:           1
 RESET CUMULATIVE VARIABLE
 RESET CUMULATIVE VARIABLE
 Iteration  1   Mean: 0.2079E-04 Abs mean: 0.2079E-04   Fluctuation:  0.532E-05   0.107E-02     0.2%
  1    0.2079E-04 0.2079E-04 +- 0.5316E-05      4.88
 Writing out events   8.3178663425990076E-007   4.8840599361636849     
 Relative summed weights:
  0.2589E+00  0.0000E+00
  0.7411E+00  0.0000E+00
 Relative number of events:
  0.5053E+00  0.0000E+00
  0.4947E+00  0.0000E+00
 Events:
         189           0
         185           0
 Iteration  2   Mean: 0.4879E-04 Abs mean: 0.4879E-04   Fluctuation:  0.178E-04   0.281E-01     0.6%
  2    0.4879E-04 0.4879E-04 +- 0.1775E-04     16.27
 Relative summed weights:
  0.6401E+00  0.0000E+00
  0.3599E+00  0.0000E+00
 Relative number of events:
  0.5220E+00  0.0000E+00
  0.4780E+00  0.0000E+00
 Events:
        1044           0
         956           0
 Iteration  3   Mean: 0.8631E-04 Abs mean: 0.8631E-04   Fluctuation:  0.163E-04   0.380E-01     0.8%
  3    0.8631E-04 0.8631E-04 +- 0.1632E-04     11.96
 Relative summed weights:
  0.5151E+00  0.0000E+00
  0.4849E+00  0.0000E+00
 Relative number of events:
  0.4960E+00  0.0000E+00
  0.5040E+00  0.0000E+00
 Events:
        1984           0
        2016           0
 Accuracy:    0.340   0.100   0.140   5.881
 Found         1689  events.
 Wrote           13  events.
 Actual xsec    6.1015450532656915E-005
 Correct abs xsec    6.1015450532656915E-005
 Event xsec    6.1015450532656915E-005
 Events wgts > 1:            1
 % Cross section > 1:    1.4332568495741951E-007  0.23490064189677370     
 Iteration  4   Mean: 0.9242E-04 Abs mean: 0.9242E-04   Fluctuation:  0.981E-05   0.524E-01     0.8%
  4    0.9242E-04 0.9242E-04 +- 0.9809E-05      9.49
 Relative summed weights:
  0.4991E+00  0.0000E+00
  0.5009E+00  0.0000E+00
 Relative number of events:
  0.4966E+00  0.0000E+00
  0.5034E+00  0.0000E+00
 Events:
        3973           0
        4027           0
 Accuracy:    0.166   0.100   0.085   3.846
 Found         3827  events.
 Wrote           14  events.
 Actual xsec    8.8389965578695678E-005
 Correct abs xsec    8.8389965578695678E-005
 Event xsec    8.8389965578695705E-005
 Events wgts > 1:            1
 % Cross section > 1:    1.6700604725636455E-013   1.8894231507271609E-007
 Iteration  5   Mean: 0.1259E-03 Abs mean: 0.1259E-03   Fluctuation:  0.724E-05   0.501E-01     0.7%
  5    0.1259E-03 0.1259E-03 +- 0.7236E-05      7.27
 Relative summed weights:
  0.4708E+00  0.0000E+00
  0.5292E+00  0.0000E+00
 Relative number of events:
  0.4968E+00  0.0000E+00
  0.5032E+00  0.0000E+00
 Events:
        7948           0
        8052           0
 Accuracy:    0.110   0.100   0.048   5.373
 Found         9829  events.
 Wrote           45  events.
 Actual xsec    1.1614361485661518E-004
 Correct abs xsec    1.1614361485661518E-004
 Event xsec    1.1614361485661497E-004
 Events wgts > 1:            2
 % Cross section > 1:    1.1098622596077188E-006  0.95559472725030870     

 -------------------------------------------------------------------------------
 Accumulated results:   Integral =  0.1117E-03
                        Std dev  =  0.5312E-05
                       Cross sec =  0.1117E-03
             Chi**2 per DoF.     =      5.3726
 -------------------------------------------------------------------------------
-------------------------------------------------
---------------------------
 Results Last   3 iters: Integral =   0.1161E-03
                     Abs integral =   0.1161E-03
                          Std dev =   0.5672E-05
                  Chi**2 per DoF. =      5.5002
-------------------------------------------------
---------------------------
 Status  0.10000000000000001                6           5

ls status:
events.lhe
ftn26
input_app.txt
results.dat
run1_app.log
